[12:25:37] [main/INFO] (FabricLoader/GameProvider) Loading Minecraft 1.19.3 with Fabric Loader 0.14.21
[12:25:38] [main/INFO] (FabricLoader) Loading 48 mods:
	- fabric-api 0.76.1+1.19.3
	- fabric-api-base 0.4.21+70be179c85
	- fabric-api-lookup-api-v1 1.6.20+49abcf7e85
	- fabric-biome-api-v1 12.1.2+f1c68e5885
	- fabric-block-api-v1 1.0.5+e022e5d185
	- fabric-blockrenderlayer-v1 1.1.31+928d44d585
	- fabric-client-tags-api-v1 1.0.12+1134c5b885
	- fabric-command-api-v2 2.2.2+2961b4a085
	- fabric-content-registries-v0 3.5.3+1d37d50285
	- fabric-convention-tags-v1 1.3.0+521b5c5285
	- fabric-crash-report-info-v1 0.2.14+aeb40ebe85
	- fabric-data-generation-api-v1 11.3.3+40dc7a9485
	- fabric-dimensions-v1 2.1.42+00a2eb1085
	- fabric-entity-events-v1 1.5.7+b83334a085
	- fabric-events-interaction-v0 0.4.40+3baeb27a85
	- fabric-game-rule-api-v1 1.0.30+99f9db8085
	- fabric-gametest-api-v1 1.2.2+2ff127f585
	- fabric-item-api-v1 2.1.11+71b8257385
	- fabric-item-group-api-v1 2.1.14+b5470ac785
	- fabric-key-binding-api-v1 1.0.31+bc01e09785
	- fabric-lifecycle-events-v1 2.2.10+23a79c8a85
	- fabric-loot-api-v2 1.1.22+75e9821185
	- fabric-message-api-v1 5.1.0+c85585f885
	- fabric-mining-level-api-v1 2.1.33+49abcf7e85
	- fabric-models-v0 0.3.27+11ba9c3b85
	- fabric-networking-api-v1 1.2.17+4017a8cb85
	- fabric-object-builder-api-v1 5.4.3+eb2a3ba985
	- fabric-particles-v1 1.0.20+f1e4495b85
	- fabric-recipe-api-v1 1.0.1+5176f73d85
	- fabric-registry-sync-v0 2.1.0+f7b4d36485
	- fabric-renderer-api-v1 2.2.2+3a95925a85
	- fabric-renderer-indigo 0.8.0+3a95925a85
	- fabric-rendering-data-attachment-v1 0.3.25+afca2f3e85
	- fabric-rendering-fluids-v1 3.0.18+f1e4495b85
	- fabric-rendering-v1 1.13.0+ad17775585
	- fabric-resource-conditions-api-v1 2.3.0+e63306e085
	- fabric-resource-loader-v0 0.11.1+b93ffe4d85
	- fabric-screen-api-v1 1.0.41+f1e4495b85
	- fabric-screen-handler-api-v1 1.3.13+99f9db8085
	- fabric-sound-api-v1 1.0.8+75e9821185
	- fabric-transfer-api-v1 2.1.15+ccd377ba85
	- fabric-transitive-access-wideners-v1 2.3.1+40dc7a9485
	- fabricloader 0.14.21
	- java 17
	- minecraft 1.19.3
	- modmenu 5.1.0-beta.4
	- mojnovymod 0.0.1
	- sodium 0.4.9+build.23
[12:25:42] [main/INFO] (FabricLoader/Mixin) SpongePowered MIXIN Subsystem Version=0.8.5 Source=file:/C:/Users/sasha/.gradle/caches/modules-2/files-2.1/net.fabricmc/sponge-mixin/0.12.5+mixin.0.8.5/8d31fb97c3e0cd7c8dad3441851c523bcfae6d8e/sponge-mixin-0.12.5+mixin.0.8.5.jar Service=Knot/Fabric Env=CLIENT
[12:25:42] [main/INFO] (FabricLoader/Mixin) Loaded Fabric development mappings for mixin remapper!
[12:25:42] [main/INFO] (FabricLoader/Mixin) Compatibility level set to JAVA_16
[12:25:42] [main/INFO] (FabricLoader/Mixin) Compatibility level set to JAVA_17
[12:25:43] [main/INFO] (Sodium) Loaded configuration file for Sodium: 33 options available, 0 override(s) found
[12:26:02] [main/INFO] (Minecraft) Building optimized datafixer
[12:26:10] [Render thread/INFO] (Sodium) Launching a new process to probe the system configuration!
[12:26:11] [Render thread/INFO] (Sodium) OpenGL Vendor: NVIDIA Corporation
[12:26:11] [Render thread/INFO] (Sodium) OpenGL Renderer: NVIDIA GeForce RTX 3060 Ti/PCIe/SSE2
[12:26:11] [Render thread/INFO] (Sodium) OpenGL Version: 3.3.0 NVIDIA 536.40
[12:26:11] [Render thread/WARN] (Sodium) Enabling workaround for NVIDIA graphics drivers on Windows (issue #1486)
[12:26:11] [Render thread/WARN] (Sodium) One or more workarounds were enabled to prevent crashes or other issues on your system. You may need to update your graphics drivers.
[12:26:12] [Render thread/INFO] (Minecraft) Environment: authHost='https://authserver.mojang.com', accountsHost='https://api.mojang.com', sessionHost='https://sessionserver.mojang.com', servicesHost='https://api.minecraftservices.com', name='PROD'
[12:26:13] [Render thread/ERROR] (Minecraft) Failed to verify authentication
com.mojang.authlib.exceptions.InvalidCredentialsException: Status: 401
	at com.mojang.authlib.exceptions.MinecraftClientHttpException.toAuthenticationException(MinecraftClientHttpException.java:56) ~[authlib-3.16.29.jar:?]
	at com.mojang.authlib.yggdrasil.YggdrasilUserApiService.fetchProperties(YggdrasilUserApiService.java:156) ~[authlib-3.16.29.jar:?]
	at com.mojang.authlib.yggdrasil.YggdrasilUserApiService.<init>(YggdrasilUserApiService.java:55) ~[authlib-3.16.29.jar:?]
	at com.mojang.authlib.yggdrasil.YggdrasilAuthenticationService.createUserApiService(YggdrasilAuthenticationService.java:161) ~[authlib-3.16.29.jar:?]
	at net.minecraft.client.MinecraftClient.createUserApiService(MinecraftClient.java:707) ~[minecraft-merged-project-root-1.19.3-net.fabricmc.yarn.1_19_3.1.19.3+build.5-v2.jar:?]
	at net.minecraft.client.MinecraftClient.<init>(MinecraftClient.java:504) ~[minecraft-merged-project-root-1.19.3-net.fabricmc.yarn.1_19_3.1.19.3+build.5-v2.jar:?]
	at net.minecraft.client.main.Main.main(Main.java:184) ~[minecraft-merged-project-root-1.19.3-net.fabricmc.yarn.1_19_3.1.19.3+build.5-v2.jar:?]
	at net.minecraft.client.main.Main.main(Main.java:56) ~[minecraft-merged-project-root-1.19.3-net.fabricmc.yarn.1_19_3.1.19.3+build.5-v2.jar:?]
	at net.fabricmc.loader.impl.game.minecraft.MinecraftGameProvider.launch(MinecraftGameProvider.java:468) ~[fabric-loader-0.14.21.jar:?]
	at net.fabricmc.loader.impl.launch.knot.Knot.launch(Knot.java:74) ~[fabric-loader-0.14.21.jar:?]
	at net.fabricmc.loader.impl.launch.knot.KnotClient.main(KnotClient.java:23) ~[fabric-loader-0.14.21.jar:?]
	at net.fabricmc.devlaunchinjector.Main.main(Main.java:86) ~[dev-launch-injector-0.2.1+build.8.jar:?]
Caused by: com.mojang.authlib.exceptions.MinecraftClientHttpException: Status: 401
	at com.mojang.authlib.minecraft.client.MinecraftClient.readInputStream(MinecraftClient.java:85) ~[authlib-3.16.29.jar:?]
	at com.mojang.authlib.minecraft.client.MinecraftClient.get(MinecraftClient.java:48) ~[authlib-3.16.29.jar:?]
	at com.mojang.authlib.yggdrasil.YggdrasilUserApiService.fetchProperties(YggdrasilUserApiService.java:129) ~[authlib-3.16.29.jar:?]
	... 10 more
[12:26:13] [Render thread/INFO] (Minecraft) Setting user: Player985
[12:26:14] [Render thread/INFO] (mojnovymod) Registering items for: mojnovymod
[12:26:14] [Render thread/INFO] (mojnovymod) Registering blocks for: mojnovymod
[12:26:14] [Render thread/INFO] (mojnovymod) Registering villagers for: mojnovymod
[12:26:14] [Render thread/INFO] (mojnovymod) Registering paintings for: mojnovymod
[12:26:14] [Render thread/INFO] (mojnovymod) Registering features for: mojnovymod
[12:26:14] [Render thread/INFO] (mojnovymod) Registering sounds for: mojnovymod
[12:26:15] [Render thread/INFO] (mojnovymod) Registering loot tables for: mojnovymod
[12:26:15] [Render thread/INFO] (mojnovymod) Registering key bindings for: mojnovymod
[12:26:16] [Render thread/INFO] (Indigo) [Indigo] Different rendering plugin detected; not applying Indigo.
[12:26:16] [Render thread/WARN] (FabricLoader/Mixin) Static binding violation: PRIVATE @Overwrite method renderBakedItemModel in sodium.mixins.json:features.item.MixinItemRenderer from mod sodium cannot reduce visibiliy of PUBLIC target method, visibility will be upgraded.
[12:26:16] [Render thread/INFO] (mojnovymod) Registering network for: mojnovymod
[12:26:16] [Worker-Main-16/INFO] (Mod Menu/Update Checker) Checking mod updates...
[12:26:17] [Render thread/INFO] (Minecraft) Backend library: LWJGL version 3.3.1 SNAPSHOT
[12:26:20] [Render thread/INFO] (Minecraft) Reloading ResourceManager: vanilla, Fabric Mods (Fabric Particles (v1), Fabric Entity Events (v1), Fabric Crash Report Info (v1), Fabric Item API (v1), Fabric Renderer - Indigo, MojNovyMod, Fabric Loot API (v2), Fabric Client Tags, Fabric Item Group API (v1), Fabric Game Rule API (v1), Mod Menu, Fabric Networking API (v1), Fabric API Lookup API (v1), Sodium, Fabric Mining Level API (v1), Fabric Command API (v2), Fabric Screen Handler API (v1), Fabric Biome API (v1), Fabric Message API (v1), Fabric Rendering Data Attachment (v1), Fabric Content Registries (v0), Fabric API, Fabric Recipe API (v1), Fabric Rendering (v1), Fabric Resource Loader (v0), Fabric Registry Sync (v0), Fabric Dimensions API (v1), Fabric Transitive Access Wideners (v1), Fabric Transfer API (v1), Fabric API Base, Fabric Key Binding API (v1), Fabric BlockRenderLayer Registration (v1), Fabric Rendering Fluids (v1), Fabric Resource Conditions API (v1), Fabric Game Test API (v1), Fabric Models (v0), Fabric Object Builder API (v1), Fabric Events Interaction (v0), Fabric Screen API (v1), Fabric Lifecycle Events (v1), Fabric Block API (v1), Fabric Convention Tags, Fabric Data Generation API (v1), Fabric Loader, Fabric Sound API (v1), Fabric Renderer API (v1))
[12:26:21] [Realms Notification Availability checker #1/INFO] (Minecraft) Could not authorize you against Realms server: Invalid session id
[12:26:24] [Render thread/WARN] (Minecraft) Missing sound for event: minecraft:item.goat_horn.play
[12:26:24] [Render thread/WARN] (Minecraft) Missing sound for event: minecraft:entity.goat.screaming.horn_break
[12:26:25] [Render thread/INFO] (Minecraft) OpenAL initialized on device OpenAL Soft on Наушники (Realtek(R) Audio)
[12:26:25] [Render thread/INFO] (Minecraft) Sound engine started
[12:26:25] [Render thread/INFO] (Minecraft) Created: 2048x1024x4 minecraft:textures/atlas/blocks.png-atlas
[12:26:25] [Render thread/INFO] (Minecraft) Created: 512x256x4 minecraft:textures/atlas/signs.png-atlas
[12:26:25] [Render thread/INFO] (Minecraft) Created: 1024x512x4 minecraft:textures/atlas/shield_patterns.png-atlas
[12:26:25] [Render thread/INFO] (Minecraft) Created: 1024x512x4 minecraft:textures/atlas/banner_patterns.png-atlas
[12:26:25] [Render thread/INFO] (Minecraft) Created: 256x256x4 minecraft:textures/atlas/chest.png-atlas
[12:26:25] [Render thread/INFO] (Minecraft) Created: 512x256x4 minecraft:textures/atlas/shulker_boxes.png-atlas
[12:26:25] [Render thread/INFO] (Minecraft) Created: 512x256x4 minecraft:textures/atlas/beds.png-atlas
[12:26:26] [Render thread/WARN] (Minecraft) Shader rendertype_entity_translucent_emissive could not find sampler named Sampler2 in the specified shader program.
[12:26:27] [Render thread/INFO] (Minecraft) Created: 512x256x0 minecraft:textures/atlas/particles.png-atlas
[12:26:27] [Render thread/INFO] (Minecraft) Created: 256x256x0 minecraft:textures/atlas/paintings.png-atlas
[12:26:27] [Render thread/INFO] (Minecraft) Created: 256x128x0 minecraft:textures/atlas/mob_effects.png-atlas
[12:26:31] [Worker-Bootstrap-5/INFO] (Minecraft) 4445 Datafixer optimizations took 29073 milliseconds
[12:26:38] [Render thread/INFO] (Minecraft) Loaded 7 recipes
[12:26:39] [Render thread/INFO] (Minecraft) Loaded 1179 advancements
[12:26:40] [Render thread/INFO] (BiomeModificationImpl) Applied 62 biome modifications to 62 of 63 new biomes in 70.65 ms
[12:26:40] [Server thread/INFO] (Minecraft) Starting integrated minecraft server version 1.19.3
[12:26:40] [Server thread/INFO] (Minecraft) Generating keypair
[12:26:42] [Server thread/INFO] (Minecraft) Preparing start region for dimension minecraft:overworld
[12:26:44] [Render thread/INFO] (Minecraft) Preparing spawn area: 0%
[12:26:45] [Render thread/INFO] (Minecraft) Preparing spawn area: 0%
[12:26:45] [Render thread/INFO] (Minecraft) Preparing spawn area: 0%
[12:26:45] [Render thread/INFO] (Minecraft) Preparing spawn area: 0%
[12:26:45] [Render thread/INFO] (Minecraft) Preparing spawn area: 0%
[12:26:45] [Render thread/INFO] (Minecraft) Preparing spawn area: 0%
[12:26:45] [Render thread/INFO] (Minecraft) Preparing spawn area: 0%
[12:26:45] [Render thread/INFO] (Minecraft) Preparing spawn area: 4%
[12:26:46] [Render thread/INFO] (Minecraft) Preparing spawn area: 12%
[12:26:46] [Render thread/INFO] (Minecraft) Preparing spawn area: 14%
[12:26:47] [Render thread/INFO] (Minecraft) Preparing spawn area: 63%
[12:26:47] [Render thread/INFO] (Minecraft) Preparing spawn area: 89%
[12:26:48] [Render thread/INFO] (Minecraft) Preparing spawn area: 94%
[12:26:48] [Render thread/INFO] (Minecraft) Time elapsed: 6466 ms
[12:26:49] [Server thread/INFO] (Minecraft) Changing view distance to 16, from 10
[12:26:49] [Server thread/INFO] (Minecraft) Changing simulation distance to 16, from 0
[12:26:54] [Server thread/INFO] (Minecraft) Player985[local:E:404c6c12] logged in with entity id 121 at (116.84887841466809, 71.0, 186.59066855081971)
[12:26:54] [Server thread/INFO] (Minecraft) Player985 joined the game
[12:26:55] [Render thread/INFO] (ChunkBuilder) Started 10 worker threads
[12:26:56] [Render thread/INFO] (Minecraft) Loaded 0 advancements
[12:27:08] [Server thread/INFO] (Minecraft) [Player985: Changed the block at 115, 71, 186]
[12:27:08] [Render thread/INFO] (Minecraft) [System] [CHAT] Changed the block at 115, 71, 186
[12:28:14] [Server thread/INFO] (Minecraft) Saving and pausing game...
[12:28:14] [Server thread/INFO] (Minecraft) Saving chunks for level 'ServerLevel[New World]'/minecraft:overworld
[12:28:14] [Server thread/INFO] (Minecraft) Saving chunks for level 'ServerLevel[New World]'/minecraft:the_end
[12:28:14] [Server thread/INFO] (Minecraft) Saving chunks for level 'ServerLevel[New World]'/minecraft:the_nether
[12:28:16] [Render thread/INFO] (Minecraft) Using default channel type
[12:28:16] [Render thread/INFO] (Minecraft) Started serving on 25565
[12:28:16] [Render thread/INFO] (Minecraft) [System] [CHAT] Local game hosted on port [25565]
[12:28:29] [User Authenticator #1/INFO] (Minecraft) UUID of player OxygenSE is e6d4a745-9e54-47fc-8447-060dfd3df2a7
[12:28:29] [Server thread/INFO] (Minecraft) OxygenSE[/26.160.6.157:53386] logged in with entity id 780 at (-9.5, 73.0, 7.5)
[12:28:29] [Server thread/INFO] (Minecraft) OxygenSE joined the game
[12:28:29] [Render thread/INFO] (Minecraft) [System] [CHAT] OxygenSE joined the game
[12:28:41] [Server thread/INFO] (Minecraft) [OxygenSE: Teleported OxygenSE to Player985]
[12:28:41] [Render thread/INFO] (Minecraft) [System] [CHAT] [OxygenSE: Teleported OxygenSE to Player985]
[12:29:40] [Render thread/ERROR] (Minecraft) ########## GL ERROR ##########
[12:29:40] [Render thread/ERROR] (Minecraft) @ Render
[12:29:40] [Render thread/ERROR] (Minecraft) 65540: Invalid scancode -1
[12:29:45] [Render thread/INFO] (Minecraft) [System] [CHAT] Тыкнул значит в магию
[12:30:08] [Server thread/INFO] (Minecraft) [OxygenSE: Set the time to 1000]
[12:30:08] [Render thread/INFO] (Minecraft) [System] [CHAT] [OxygenSE: Set the time to 1000]
[12:30:40] [Server thread/INFO] (Minecraft) OxygenSE lost connection: Disconnected
[12:30:40] [Server thread/INFO] (Minecraft) OxygenSE left the game
[12:30:40] [Render thread/INFO] (Minecraft) [System] [CHAT] OxygenSE left the game
[12:30:49] [Server thread/INFO] (Minecraft) [Player985: Set own game mode to Survival Mode]
[12:30:49] [Render thread/INFO] (Minecraft) [System] [CHAT] Set own game mode to Survival Mode
[12:30:51] [Server thread/INFO] (Minecraft) [Player985: Set own game mode to Creative Mode]
[12:30:51] [Render thread/INFO] (Minecraft) [System] [CHAT] Set own game mode to Creative Mode
[12:30:53] [Render thread/ERROR] (Minecraft) Unreported exception thrown!
java.lang.ClassCastException: class net.minecraft.client.network.ClientPlayerEntity cannot be cast to class net.minecraft.server.network.ServerPlayerEntity (net.minecraft.client.network.ClientPlayerEntity and net.minecraft.server.network.ServerPlayerEntity are in unnamed module of loader net.fabricmc.loader.impl.launch.knot.KnotClassLoader @5d76b067)
	at org.sgx.mojnovymod.block.custom.DontBreakMeBlock.onBreak(DontBreakMeBlock.java:28) ~[main/:?]
	at net.minecraft.client.network.ClientPlayerInteractionManager.breakBlock(ClientPlayerInteractionManager.java:124) ~[minecraft-merged-project-root-1.19.3-net.fabricmc.yarn.1_19_3.1.19.3+build.5-v2.jar:?]
	at net.minecraft.client.network.ClientPlayerInteractionManager.method_41936(ClientPlayerInteractionManager.java:144) ~[minecraft-merged-project-root-1.19.3-net.fabricmc.yarn.1_19_3.1.19.3+build.5-v2.jar:?]
	at net.minecraft.client.network.ClientPlayerInteractionManager.sendSequencedPacket(ClientPlayerInteractionManager.java:237) ~[minecraft-merged-project-root-1.19.3-net.fabricmc.yarn.1_19_3.1.19.3+build.5-v2.jar:?]
	at net.minecraft.client.network.ClientPlayerInteractionManager.attackBlock(ClientPlayerInteractionManager.java:143) ~[minecraft-merged-project-root-1.19.3-net.fabricmc.yarn.1_19_3.1.19.3+build.5-v2.jar:?]
	at net.minecraft.client.MinecraftClient.doAttack(MinecraftClient.java:1519) ~[minecraft-merged-project-root-1.19.3-net.fabricmc.yarn.1_19_3.1.19.3+build.5-v2.jar:?]
	at net.minecraft.client.MinecraftClient.handleInputEvents(MinecraftClient.java:1795) ~[minecraft-merged-project-root-1.19.3-net.fabricmc.yarn.1_19_3.1.19.3+build.5-v2.jar:?]
	at net.minecraft.client.MinecraftClient.tick(MinecraftClient.java:1646) ~[minecraft-merged-project-root-1.19.3-net.fabricmc.yarn.1_19_3.1.19.3+build.5-v2.jar:?]
	at net.minecraft.client.MinecraftClient.render(MinecraftClient.java:1069) ~[minecraft-merged-project-root-1.19.3-net.fabricmc.yarn.1_19_3.1.19.3+build.5-v2.jar:?]
	at net.minecraft.client.MinecraftClient.run(MinecraftClient.java:757) ~[minecraft-merged-project-root-1.19.3-net.fabricmc.yarn.1_19_3.1.19.3+build.5-v2.jar:?]
	at net.minecraft.client.main.Main.main(Main.java:216) ~[minecraft-merged-project-root-1.19.3-net.fabricmc.yarn.1_19_3.1.19.3+build.5-v2.jar:?]
	at net.minecraft.client.main.Main.main(Main.java:56) ~[minecraft-merged-project-root-1.19.3-net.fabricmc.yarn.1_19_3.1.19.3+build.5-v2.jar:?]
	at net.fabricmc.loader.impl.game.minecraft.MinecraftGameProvider.launch(MinecraftGameProvider.java:468) ~[fabric-loader-0.14.21.jar:?]
	at net.fabricmc.loader.impl.launch.knot.Knot.launch(Knot.java:74) ~[fabric-loader-0.14.21.jar:?]
	at net.fabricmc.loader.impl.launch.knot.KnotClient.main(KnotClient.java:23) ~[fabric-loader-0.14.21.jar:?]
	at net.fabricmc.devlaunchinjector.Main.main(Main.java:86) ~[dev-launch-injector-0.2.1+build.8.jar:?]
[12:30:53] [Server thread/INFO] (Minecraft) Stopping server
[12:30:53] [Server thread/INFO] (Minecraft) Saving players
[12:30:53] [Server thread/INFO] (Minecraft) Player985 lost connection: Disconnected
[12:30:53] [Server thread/INFO] (Minecraft) Player985 left the game
[12:30:53] [Server thread/INFO] (Minecraft) Stopping singleplayer server as player logged out
[12:30:53] [Server thread/INFO] (Minecraft) Saving worlds
[12:30:55] [Server thread/INFO] (Minecraft) Saving chunks for level 'ServerLevel[New World]'/minecraft:overworld
[12:30:57] [Server thread/INFO] (Minecraft) Saving chunks for level 'ServerLevel[New World]'/minecraft:the_end
[12:30:57] [Server thread/INFO] (Minecraft) Saving chunks for level 'ServerLevel[New World]'/minecraft:the_nether
[12:30:57] [Server thread/INFO] (Minecraft) ThreadedAnvilChunkStorage (New World): All chunks are saved
[12:30:57] [Server thread/INFO] (Minecraft) ThreadedAnvilChunkStorage (DIM1): All chunks are saved
[12:30:57] [Server thread/INFO] (Minecraft) ThreadedAnvilChunkStorage (DIM-1): All chunks are saved
[12:30:57] [Server thread/INFO] (Minecraft) ThreadedAnvilChunkStorage: All dimensions are saved
[12:30:57] [Render thread/INFO] (ChunkBuilder) Stopping worker threads
